<?xml version="1.0" encoding="UTF-8"?>
<!-- Generated by org.testng.reporters.JUnitXMLReporter -->
<testsuite hostname="Gopis-MacBook-Air.local" name="Default test" tests="3" failures="0" timestamp="8 Jan 2017 11:31:44 GMT" time="122.795" errors="0">
  <testcase name="approach1" time="28.86" classname="com.send.sms.SendSMS"/>
  <testcase name="approach2" time="32.669" classname="com.send.sms.SendSMS"/>
  <testcase name="approach3" time="26.881" classname="com.send.sms.SendSMS"/>
</testsuite> <!-- Default test -->
