<?xml version="1.0" encoding="UTF-8"?>
<testng-results skipped="0" failed="0" total="3" passed="3">
  <reporter-output>
  </reporter-output>
  <suite name="Default suite" duration-ms="122795" started-at="2017-01-08T11:29:36Z" finished-at="2017-01-08T11:31:39Z">
    <groups>
    </groups>
    <test name="Default test" duration-ms="122795" started-at="2017-01-08T11:29:36Z" finished-at="2017-01-08T11:31:39Z">
      <class name="com.send.sms.SendSMS">
        <test-method status="PASS" signature="setUp()[pri:0, instance:com.send.sms.SendSMS@7823a2f9]" name="setUp" is-config="true" duration-ms="8071" started-at="2017-01-08T16:59:36Z" finished-at="2017-01-08T16:59:44Z">
          <reporter-output>
          </reporter-output>
        </test-method> <!-- setUp -->
        <test-method status="PASS" signature="approach1()[pri:1, instance:com.send.sms.SendSMS@7823a2f9]" name="approach1" duration-ms="28860" started-at="2017-01-08T16:59:44Z" finished-at="2017-01-08T17:00:13Z">
          <reporter-output>
          </reporter-output>
        </test-method> <!-- approach1 -->
        <test-method status="PASS" signature="tearDown()[pri:0, instance:com.send.sms.SendSMS@7823a2f9]" name="tearDown" is-config="true" duration-ms="3157" started-at="2017-01-08T17:00:13Z" finished-at="2017-01-08T17:00:16Z">
          <reporter-output>
          </reporter-output>
        </test-method> <!-- tearDown -->
        <test-method status="PASS" signature="setUp()[pri:0, instance:com.send.sms.SendSMS@7823a2f9]" name="setUp" is-config="true" duration-ms="9915" started-at="2017-01-08T17:00:16Z" finished-at="2017-01-08T17:00:26Z">
          <reporter-output>
          </reporter-output>
        </test-method> <!-- setUp -->
        <test-method status="PASS" signature="approach2()[pri:2, instance:com.send.sms.SendSMS@7823a2f9]" name="approach2" duration-ms="32669" started-at="2017-01-08T17:00:26Z" finished-at="2017-01-08T17:00:59Z">
          <reporter-output>
          </reporter-output>
        </test-method> <!-- approach2 -->
        <test-method status="PASS" signature="tearDown()[pri:0, instance:com.send.sms.SendSMS@7823a2f9]" name="tearDown" is-config="true" duration-ms="3187" started-at="2017-01-08T17:00:59Z" finished-at="2017-01-08T17:01:02Z">
          <reporter-output>
          </reporter-output>
        </test-method> <!-- tearDown -->
        <test-method status="PASS" signature="setUp()[pri:0, instance:com.send.sms.SendSMS@7823a2f9]" name="setUp" is-config="true" duration-ms="6873" started-at="2017-01-08T17:01:02Z" finished-at="2017-01-08T17:01:09Z">
          <reporter-output>
          </reporter-output>
        </test-method> <!-- setUp -->
        <test-method status="PASS" signature="approach3()[pri:3, instance:com.send.sms.SendSMS@7823a2f9]" name="approach3" duration-ms="26881" started-at="2017-01-08T17:01:09Z" finished-at="2017-01-08T17:01:36Z">
          <reporter-output>
          </reporter-output>
        </test-method> <!-- approach3 -->
        <test-method status="PASS" signature="tearDown()[pri:0, instance:com.send.sms.SendSMS@7823a2f9]" name="tearDown" is-config="true" duration-ms="3128" started-at="2017-01-08T17:01:36Z" finished-at="2017-01-08T17:01:39Z">
          <reporter-output>
          </reporter-output>
        </test-method> <!-- tearDown -->
      </class> <!-- com.send.sms.SendSMS -->
    </test> <!-- Default test -->
  </suite> <!-- Default suite -->
</testng-results>
